lib_task_api/build/intermediates/manifest_merge_blame_file/debug/manifest-merger-blame-debug-report.txt
1<?xml version="1.0" encoding="utf-8"?>
2<manifest xmlns:android="http://schemas.android.com/apk/res/android"
3    package="org.tensorflow.lite.examples.imagesegmentation.tflite" > <!-- Do not remove, it is needed for internal build system -->
4    <uses-sdk
4-->src/main/AndroidManifest.xml:5:5-17
5        android:minSdkVersion="21"
5-->src/main/AndroidManifest.xml:5:5-17
6        android:targetSdkVersion="29" />
6-->src/main/AndroidManifest.xml:5:5-17
7
8</manifest>